<?xml version="1.0" encoding="UTF-8"?>
<testng-results skipped="0" failed="0" total="1" passed="1">
  <reporter-output>
  </reporter-output>
  <suite name="Default suite" duration-ms="27334" started-at="2019-01-15T21:01:03Z" finished-at="2019-01-15T21:01:30Z">
    <groups>
    </groups>
    <test name="Default test" duration-ms="27334" started-at="2019-01-15T21:01:03Z" finished-at="2019-01-15T21:01:30Z">
      <class name="testsuite.fb.SampleTest">
        <test-method status="PASS" signature="TC1_NegativeTest()[pri:0, instance:testsuite.fb.SampleTest@224edc67]" name="TC1_NegativeTest" duration-ms="26394" started-at="2019-01-15T14:01:03Z" finished-at="2019-01-15T14:01:29Z">
          <reporter-output>
          </reporter-output>
        </test-method> <!-- TC1_NegativeTest -->
      </class> <!-- testsuite.fb.SampleTest -->
    </test> <!-- Default test -->
  </suite> <!-- Default suite -->
</testng-results>
